<?xml version="1.0" encoding="UTF-8"?>
<!-- Generated by org.testng.reporters.JUnitReportReporter -->
<testsuite hostname="LAPTOP-JGHMQD5S" failures="0" tests="3" name="test.PimTest" time="7.201" errors="0" timestamp="2022-10-31T10:53:05 IST" skipped="0">
  <testcase classname="test.PimTest" name="VerifyPIMButton" time="5.277"/>
  <system-out/>
  <testcase classname="test.PimTest" name="VerifyWelcomeName" time="0.124"/>
  <system-out/>
  <testcase classname="test.PimTest" name="SelectCheckBox" time="1.800"/>
  <system-out/>
</testsuite> <!-- test.PimTest -->
