<?xml version="1.0" encoding="UTF-8"?>
<!-- Generated by org.testng.reporters.JUnitReportReporter -->
<testsuite hostname="LAPTOP-JGHMQD5S" failures="0" tests="4" name="test.LoginTest" time="1.519" errors="0" timestamp="2022-10-31T10:53:05 IST" skipped="0">
  <testcase classname="test.LoginTest" name="verifyLoginText" time="1.061"/>
  <system-out/>
  <testcase classname="test.LoginTest" name="verifyForgetpasswordText" time="0.043"/>
  <system-out/>
  <testcase classname="test.LoginTest" name="verifyOrangeHRMText" time="0.049"/>
  <system-out/>
  <testcase classname="test.LoginTest" name="verifylogin" time="0.366"/>
  <system-out/>
</testsuite> <!-- test.LoginTest -->
