<?xml version="1.0" encoding="UTF-8"?>
<!-- Generated by org.testng.reporters.JUnitReportReporter -->
<testsuite hostname="LAPTOP-JGHMQD5S" failures="0" tests="4" name="test.LeaveTest" time="6.019" errors="0" timestamp="2022-10-31T10:53:05 IST" skipped="0">
  <testcase classname="test.LeaveTest" name="verifyLeaveButton" time="5.111"/>
  <system-out/>
  <testcase classname="test.LeaveTest" name="verifyClickOnDateButton" time="0.705"/>
  <system-out/>
  <testcase classname="test.LeaveTest" name="verifClickOnRejectButton" time="0.137"/>
  <system-out/>
  <testcase classname="test.LeaveTest" name="verifyClickOnCancelButton" time="0.066"/>
  <system-out/>
</testsuite> <!-- test.LeaveTest -->
